<?xml version="1.0" encoding="UTF-8"?>
<!-- Generated by org.testng.reporters.JUnitXMLReporter -->
<testsuite hostname="LP-5CG0386GNV" name="Surefire test" tests="1" failures="1" timestamp="9 Mar 2021 16:19:02 GMT" time="25.443" errors="0">
  <testcase name="TestInteractionsTab" time="18.461" classname="com.testscript.TC01_WebSiteLaunch_ToolsQA_Test">
    <failure type="java.lang.AssertionError" message="The following asserts failed:
Email is not updated">
      <![CDATA[java.lang.AssertionError: The following asserts failed:
Email is not updated
	at com.testscript.TC01_WebSiteLaunch_ToolsQA_Test.TestInteractionsTab(TC01_WebSiteLaunch_ToolsQA_Test.java:125)
	at org.apache.maven.surefire.testng.TestNGExecutor.run(TestNGExecutor.java:115)
	at org.apache.maven.surefire.testng.TestNGDirectoryTestSuite.executeSingleClass(TestNGDirectoryTestSuite.java:129)
	at org.apache.maven.surefire.testng.TestNGDirectoryTestSuite.execute(TestNGDirectoryTestSuite.java:113)
	at org.apache.maven.surefire.testng.TestNGProvider.invoke(TestNGProvider.java:111)
	at org.apache.maven.surefire.booter.ForkedBooter.invokeProviderInSameClassLoader(ForkedBooter.java:203)
	at org.apache.maven.surefire.booter.ForkedBooter.runSuitesInProcess(ForkedBooter.java:155)
	at org.apache.maven.surefire.booter.ForkedBooter.main(ForkedBooter.java:103)
... Removed 22 stack frames]]>
    </failure>
  </testcase> <!-- TestInteractionsTab -->
</testsuite> <!-- Surefire test -->
