-------------------------------------------------------------------------------
Test set: com.testscript.TC01_WebSiteLaunch_ToolsQA_Test
-------------------------------------------------------------------------------
Tests run: 1, Failures: 1, Errors: 0, Skipped: 0, Time elapsed: 27.199 sec <<< FAILURE! - in com.testscript.TC01_WebSiteLaunch_ToolsQA_Test
TestInteractionsTab(com.testscript.TC01_WebSiteLaunch_ToolsQA_Test)  Time elapsed: 18.523 sec  <<< FAILURE!
java.lang.AssertionError: The following asserts failed:
Email is not updated
	at org.testng.asserts.SoftAssert.assertAll(SoftAssert.java:37)
	at com.testscript.TC01_WebSiteLaunch_ToolsQA_Test.TestInteractionsTab(TC01_WebSiteLaunch_ToolsQA_Test.java:125)

