<?xml version="1.0" encoding="UTF-8"?>
<testng-results skipped="0" failed="1" total="1" passed="0">
  <reporter-output>
  </reporter-output>
  <suite name="Surefire suite" duration-ms="25443" started-at="2021-03-09T16:18:37Z" finished-at="2021-03-09T16:19:02Z">
    <groups>
    </groups>
    <test name="Surefire test" duration-ms="25443" started-at="2021-03-09T16:18:37Z" finished-at="2021-03-09T16:19:02Z">
      <class name="com.testscript.TC01_WebSiteLaunch_ToolsQA_Test">
        <test-method status="PASS" signature="beforeSuite()[pri:0, instance:com.testscript.TC01_WebSiteLaunch_ToolsQA_Test@7e0babb1]" name="beforeSuite" is-config="true" duration-ms="16" started-at="2021-03-09T21:48:37Z" finished-at="2021-03-09T21:48:37Z">
          <reporter-output>
          </reporter-output>
        </test-method> <!-- beforeSuite -->
        <test-method status="PASS" signature="configure(java.lang.String)[pri:0, instance:com.testscript.TC01_WebSiteLaunch_ToolsQA_Test@7e0babb1]" name="configure" is-config="true" duration-ms="6904" started-at="2021-03-09T21:48:37Z" finished-at="2021-03-09T21:48:43Z">
          <params>
            <param index="0">
              <value>
                <![CDATA[Chrome]]>
              </value>
            </param>
          </params>
          <reporter-output>
          </reporter-output>
        </test-method> <!-- configure -->
        <test-method status="FAIL" signature="TestInteractionsTab()[pri:0, instance:com.testscript.TC01_WebSiteLaunch_ToolsQA_Test@7e0babb1]" name="TestInteractionsTab" duration-ms="18461" started-at="2021-03-09T21:48:43Z" finished-at="2021-03-09T21:49:02Z">
          <exception class="java.lang.AssertionError">
            <message>
              <![CDATA[The following asserts failed:
Email is not updated]]>
            </message>
            <full-stacktrace>
              <![CDATA[java.lang.AssertionError: The following asserts failed:
Email is not updated
	at org.testng.asserts.SoftAssert.assertAll(SoftAssert.java:37)
	at com.testscript.TC01_WebSiteLaunch_ToolsQA_Test.TestInteractionsTab(TC01_WebSiteLaunch_ToolsQA_Test.java:125)
	at sun.reflect.NativeMethodAccessorImpl.invoke0(Native Method)
	at sun.reflect.NativeMethodAccessorImpl.invoke(NativeMethodAccessorImpl.java:62)
	at sun.reflect.DelegatingMethodAccessorImpl.invoke(DelegatingMethodAccessorImpl.java:43)
	at java.lang.reflect.Method.invoke(Method.java:498)
	at org.testng.internal.MethodInvocationHelper.invokeMethod(MethodInvocationHelper.java:80)
	at org.testng.internal.Invoker.invokeMethod(Invoker.java:714)
	at org.testng.internal.Invoker.invokeTestMethod(Invoker.java:901)
	at org.testng.internal.Invoker.invokeTestMethods(Invoker.java:1231)
	at org.testng.internal.TestMethodWorker.invokeTestMethods(TestMethodWorker.java:127)
	at org.testng.internal.TestMethodWorker.run(TestMethodWorker.java:111)
	at org.testng.TestRunner.privateRun(TestRunner.java:767)
	at org.testng.TestRunner.run(TestRunner.java:617)
	at org.testng.SuiteRunner.runTest(SuiteRunner.java:334)
	at org.testng.SuiteRunner.runSequentially(SuiteRunner.java:329)
	at org.testng.SuiteRunner.privateRun(SuiteRunner.java:291)
	at org.testng.SuiteRunner.run(SuiteRunner.java:240)
	at org.testng.SuiteRunnerWorker.runSuite(SuiteRunnerWorker.java:52)
	at org.testng.SuiteRunnerWorker.run(SuiteRunnerWorker.java:86)
	at org.testng.TestNG.runSuitesSequentially(TestNG.java:1198)
	at org.testng.TestNG.runSuitesLocally(TestNG.java:1123)
	at org.testng.TestNG.run(TestNG.java:1031)
	at org.apache.maven.surefire.testng.TestNGExecutor.run(TestNGExecutor.java:115)
	at org.apache.maven.surefire.testng.TestNGDirectoryTestSuite.executeSingleClass(TestNGDirectoryTestSuite.java:129)
	at org.apache.maven.surefire.testng.TestNGDirectoryTestSuite.execute(TestNGDirectoryTestSuite.java:113)
	at org.apache.maven.surefire.testng.TestNGProvider.invoke(TestNGProvider.java:111)
	at org.apache.maven.surefire.booter.ForkedBooter.invokeProviderInSameClassLoader(ForkedBooter.java:203)
	at org.apache.maven.surefire.booter.ForkedBooter.runSuitesInProcess(ForkedBooter.java:155)
	at org.apache.maven.surefire.booter.ForkedBooter.main(ForkedBooter.java:103)
]]>
            </full-stacktrace>
          </exception> <!-- java.lang.AssertionError -->
          <reporter-output>
          </reporter-output>
        </test-method> <!-- TestInteractionsTab -->
      </class> <!-- com.testscript.TC01_WebSiteLaunch_ToolsQA_Test -->
    </test> <!-- Surefire test -->
  </suite> <!-- Surefire suite -->
</testng-results>
